<?xml version="1.0" encoding="UTF-8"?>
<!-- Generated by org.testng.reporters.JUnitReportReporter -->
<testsuite hostname="DESKTOP-4FSPV0M" failures="0" tests="2" name="testscript.LoginTest" time="47.878" errors="0" timestamp="2024-11-27T12:19:58 IST" skipped="0">
  <testcase classname="testscript.LoginTest" name="VerifyUserIsAbleToLoginUsingInvalidPassword" time="23.342"/>
  <testcase classname="testscript.LoginTest" name="VerifyTheUserIsAbleToLogInUsingValidCredentials" time="24.536"/>
</testsuite> <!-- testscript.LoginTest -->
