<?xml version="1.0" encoding="UTF-8"?>
<!-- Generated by org.testng.reporters.JUnitReportReporter -->
<testsuite hostname="DESKTOP-4FSPV0M" failures="0" tests="1" name="testscript.ManageFooterTest" time="14.661" errors="0" timestamp="2024-12-08T12:18:04 IST" skipped="0">
  <testcase classname="testscript.ManageFooterTest" name="updateFooterText" time="14.661"/>
</testsuite> <!-- testscript.ManageFooterTest -->
