<?xml version="1.0" encoding="UTF-8"?>
<!-- Generated by org.testng.reporters.JUnitReportReporter -->
<testsuite hostname="DESKTOP-4FSPV0M" failures="0" tests="1" name="testscript.AdminTest" time="43.155" errors="0" timestamp="2024-11-24T19:20:11 IST" skipped="0">
  <testcase classname="testscript.AdminTest" name="verifyTheUserIsAbleToLogInUsingValidCredentials" time="43.155"/>
</testsuite> <!-- testscript.AdminTest -->
