<?xml version="1.0" encoding="UTF-8"?>
<!-- Generated by org.testng.reporters.JUnitReportReporter -->
<testsuite hostname="DESKTOP-4FSPV0M" failures="0" tests="1" name="testscript.HomeTest" time="57.393" errors="0" timestamp="2024-12-08T12:31:11 IST" skipped="0">
  <testcase classname="testscript.HomeTest" name="VerifyTheUserIsAbleToLogOut" time="57.393"/>
</testsuite> <!-- testscript.HomeTest -->
