<?xml version="1.0" encoding="UTF-8"?>
<!-- Generated by org.testng.reporters.JUnitReportReporter -->
<testsuite hostname="DESKTOP-4FSPV0M" failures="0" tests="2" name="testscript.LoginTest" time="54.114" errors="0" timestamp="2024-11-25T12:10:54 IST" skipped="0">
  <testcase classname="testscript.LoginTest" name="VerifyUserIsAbleToLoginUsingInvalidPassword" time="12.953"/>
  <testcase classname="testscript.LoginTest" name="VerifyTheUserIsAbleToLogInUsingValidCredentials" time="41.161"/>
</testsuite> <!-- testscript.LoginTest -->
