<?xml version="1.0" encoding="UTF-8"?>
<!-- Generated by org.testng.reporters.JUnitReportReporter -->
<testsuite hostname="DESKTOP-4FSPV0M" failures="0" tests="1" name="testscript.NewTest" time="12.894" errors="0" timestamp="2024-12-08T12:53:53 IST" skipped="0">
  <testcase classname="testscript.NewTest" name="VerifyTheUserIsAbleToAddNews" time="12.894"/>
</testsuite> <!-- testscript.NewTest -->
