<?xml version="1.0" encoding="UTF-8"?>
<!-- Generated by org.testng.reporters.JUnitReportReporter -->
<testsuite hostname="DESKTOP-4FSPV0M" failures="0" tests="1" name="testscript.LoginTest" time="11.178" errors="0" timestamp="2024-12-08T12:15:46 IST" skipped="0">
  <testcase classname="testscript.LoginTest" name="VerifyTheUserIsAbleToLogInUsingValidCredentials" time="11.178"/>
</testsuite> <!-- testscript.LoginTest -->
