<?xml version="1.0" encoding="UTF-8"?>
<!-- Generated by org.testng.reporters.JUnitReportReporter -->
<testsuite hostname="DESKTOP-4FSPV0M" failures="0" tests="1" name="testscript.NewTest" time="18.574" errors="0" timestamp="2024-11-24T19:32:19 IST" skipped="0">
  <testcase classname="testscript.NewTest" name="VerifyTheUserIsAbleToLogInUsingValidCredentials" time="18.574"/>
</testsuite> <!-- testscript.NewTest -->
