<?xml version="1.0" encoding="UTF-8"?>
<!-- Generated by org.testng.reporters.JUnitReportReporter -->
<testsuite hostname="DESKTOP-4FSPV0M" failures="0" tests="1" name="testscript.ManageContactTest" time="16.870" errors="0" timestamp="2024-12-08T12:43:48 IST" skipped="0">
  <testcase classname="testscript.ManageContactTest" name="verifyUserIsAbleToUpdateContactTest" time="16.870"/>
</testsuite> <!-- testscript.ManageContactTest -->
