<?xml version="1.0" encoding="UTF-8"?>
<!-- Generated by org.testng.reporters.JUnitReportReporter -->
<testsuite hostname="DESKTOP-4FSPV0M" failures="0" tests="1" name="testscript.AdminTest" time="64.949" errors="0" timestamp="2024-12-08T12:28:55 IST" skipped="0">
  <testcase classname="testscript.AdminTest" name="verifyTheUserIsAbleToUpdate" time="64.949"/>
</testsuite> <!-- testscript.AdminTest -->
