<?xml version="1.0" encoding="UTF-8"?>
<!-- Generated by org.testng.reporters.JUnitReportReporter -->
<testsuite hostname="DESKTOP-4FSPV0M" failures="0" tests="1" name="testscript.SubCategoryTest" time="15.022" errors="0" timestamp="2024-12-09T00:22:54 IST" skipped="0">
  <testcase classname="testscript.SubCategoryTest" name="verifyUserIsAbleToAddTheCategory" time="15.022"/>
</testsuite> <!-- testscript.SubCategoryTest -->
